2023-08-09T21:48:23.366+05:30  INFO 28932 --- [main] c.m.A.AccountServiceApplication          : Starting AccountServiceApplication using Java 19.0.2 with PID 28932 (C:\Users\shreyask\Downloads\MetroBankProject\AccountMicroService\AccountService\target\classes started by shreyask in C:\Users\shreyask\Downloads\MetroBankProject\AccountMicroService\AccountService)
2023-08-09T21:48:23.368+05:30 DEBUG 28932 --- [main] c.m.A.AccountServiceApplication          : Running with Spring Boot v3.1.2, Spring v6.0.11
2023-08-09T21:48:23.369+05:30  INFO 28932 --- [main] c.m.A.AccountServiceApplication          : No active profile set, falling back to 1 default profile: "default"
2023-08-09T21:48:24.211+05:30  INFO 28932 --- [main] .s.d.r.c.RepositoryConfigurationDelegate : Bootstrapping Spring Data JPA repositories in DEFAULT mode.
2023-08-09T21:48:24.293+05:30  INFO 28932 --- [main] .s.d.r.c.RepositoryConfigurationDelegate : Finished Spring Data repository scanning in 70 ms. Found 2 JPA repository interfaces.
2023-08-09T21:48:25.119+05:30  INFO 28932 --- [main] o.s.b.w.embedded.tomcat.TomcatWebServer  : Tomcat initialized with port(s): 8080 (http)
2023-08-09T21:48:25.131+05:30  INFO 28932 --- [main] o.apache.catalina.core.StandardService   : Starting service [Tomcat]
2023-08-09T21:48:25.131+05:30  INFO 28932 --- [main] o.apache.catalina.core.StandardEngine    : Starting Servlet engine: [Apache Tomcat/10.1.11]
2023-08-09T21:48:25.275+05:30  INFO 28932 --- [main] o.a.c.c.C.[Tomcat].[localhost].[/]       : Initializing Spring embedded WebApplicationContext
2023-08-09T21:48:25.276+05:30  INFO 28932 --- [main] w.s.c.ServletWebServerApplicationContext : Root WebApplicationContext: initialization completed in 1841 ms
2023-08-09T21:48:25.486+05:30  INFO 28932 --- [main] o.hibernate.jpa.internal.util.LogHelper  : HHH000204: Processing PersistenceUnitInfo [name: default]
2023-08-09T21:48:25.563+05:30  INFO 28932 --- [main] org.hibernate.Version                    : HHH000412: Hibernate ORM core version 6.2.6.Final
2023-08-09T21:48:25.566+05:30  INFO 28932 --- [main] org.hibernate.cfg.Environment            : HHH000406: Using bytecode reflection optimizer
2023-08-09T21:48:25.752+05:30  INFO 28932 --- [main] o.h.b.i.BytecodeProviderInitiator        : HHH000021: Bytecode provider name : bytebuddy
2023-08-09T21:48:25.927+05:30  INFO 28932 --- [main] o.s.o.j.p.SpringPersistenceUnitInfo      : No LoadTimeWeaver setup: ignoring JPA class transformer
2023-08-09T21:48:25.949+05:30  INFO 28932 --- [main] com.zaxxer.hikari.HikariDataSource       : HikariPool-1 - Starting...
2023-08-09T21:48:26.364+05:30  INFO 28932 --- [main] com.zaxxer.hikari.pool.HikariPool        : HikariPool-1 - Added connection com.mysql.cj.jdbc.ConnectionImpl@4e4f4092
2023-08-09T21:48:26.370+05:30  INFO 28932 --- [main] com.zaxxer.hikari.HikariDataSource       : HikariPool-1 - Start completed.
2023-08-09T21:48:26.435+05:30  WARN 28932 --- [main] org.hibernate.orm.deprecation            : HHH90000026: MySQL57Dialect has been deprecated; use org.hibernate.dialect.MySQLDialect instead
2023-08-09T21:48:26.754+05:30  INFO 28932 --- [main] o.h.b.i.BytecodeProviderInitiator        : HHH000021: Bytecode provider name : bytebuddy
2023-08-09T21:48:27.511+05:30  INFO 28932 --- [main] o.h.e.t.j.p.i.JtaPlatformInitiator       : HHH000490: Using JtaPlatform implementation: [org.hibernate.engine.transaction.jta.platform.internal.NoJtaPlatform]
2023-08-09T21:48:27.626+05:30  INFO 28932 --- [main] j.LocalContainerEntityManagerFactoryBean : Initialized JPA EntityManagerFactory for persistence unit 'default'
2023-08-09T21:48:28.069+05:30  WARN 28932 --- [main] JpaBaseConfiguration$JpaWebConfiguration : spring.jpa.open-in-view is enabled by default. Therefore, database queries may be performed during view rendering. Explicitly configure spring.jpa.open-in-view to disable this warning
2023-08-09T21:48:28.469+05:30  INFO 28932 --- [main] o.s.b.w.embedded.tomcat.TomcatWebServer  : Tomcat started on port(s): 8080 (http) with context path ''
2023-08-09T21:48:28.479+05:30  INFO 28932 --- [main] c.m.A.AccountServiceApplication          : Started AccountServiceApplication in 5.767 seconds (process running for 6.338)
2023-08-09T21:49:01.143+05:30  INFO 28932 --- [http-nio-8080-exec-2] o.a.c.c.C.[Tomcat].[localhost].[/]       : Initializing Spring DispatcherServlet 'dispatcherServlet'
2023-08-09T21:49:01.144+05:30  INFO 28932 --- [http-nio-8080-exec-2] o.s.web.servlet.DispatcherServlet        : Initializing Servlet 'dispatcherServlet'
2023-08-09T21:49:01.145+05:30  INFO 28932 --- [http-nio-8080-exec-2] o.s.web.servlet.DispatcherServlet        : Completed initialization in 1 ms
2023-08-09T21:49:01.261+05:30 DEBUG 28932 --- [http-nio-8080-exec-2] c.m.A.c.SavingsAccountController         : createAccount SavingsAccountDto(id=0, balance=4560.0, accountnumber=0)
2023-08-09T21:49:33.756+05:30 DEBUG 28932 --- [http-nio-8080-exec-3] c.m.A.c.SavingsAccountController         : createAccount SavingsAccountDto(id=0, balance=4560.0, accountnumber=0)
2023-08-09T21:50:04.838+05:30  INFO 28932 --- [SpringApplicationShutdownHook] j.LocalContainerEntityManagerFactoryBean : Closing JPA EntityManagerFactory for persistence unit 'default'
2023-08-09T21:50:04.841+05:30  INFO 28932 --- [SpringApplicationShutdownHook] com.zaxxer.hikari.HikariDataSource       : HikariPool-1 - Shutdown initiated...
2023-08-09T21:50:04.849+05:30  INFO 28932 --- [SpringApplicationShutdownHook] com.zaxxer.hikari.HikariDataSource       : HikariPool-1 - Shutdown completed.
2023-08-09T21:50:10.686+05:30  INFO 29724 --- [main] c.m.A.AccountServiceApplication          : Starting AccountServiceApplication using Java 19.0.2 with PID 29724 (C:\Users\shreyask\Downloads\MetroBankProject\AccountMicroService\AccountService\target\classes started by shreyask in C:\Users\shreyask\Downloads\MetroBankProject\AccountMicroService\AccountService)
2023-08-09T21:50:10.688+05:30 DEBUG 29724 --- [main] c.m.A.AccountServiceApplication          : Running with Spring Boot v3.1.2, Spring v6.0.11
2023-08-09T21:50:10.689+05:30  INFO 29724 --- [main] c.m.A.AccountServiceApplication          : No active profile set, falling back to 1 default profile: "default"
2023-08-09T21:50:11.548+05:30  INFO 29724 --- [main] .s.d.r.c.RepositoryConfigurationDelegate : Bootstrapping Spring Data JPA repositories in DEFAULT mode.
2023-08-09T21:50:11.628+05:30  INFO 29724 --- [main] .s.d.r.c.RepositoryConfigurationDelegate : Finished Spring Data repository scanning in 68 ms. Found 2 JPA repository interfaces.
2023-08-09T21:50:12.492+05:30  INFO 29724 --- [main] o.s.b.w.embedded.tomcat.TomcatWebServer  : Tomcat initialized with port(s): 8080 (http)
2023-08-09T21:50:12.506+05:30  INFO 29724 --- [main] o.apache.catalina.core.StandardService   : Starting service [Tomcat]
2023-08-09T21:50:12.506+05:30  INFO 29724 --- [main] o.apache.catalina.core.StandardEngine    : Starting Servlet engine: [Apache Tomcat/10.1.11]
2023-08-09T21:50:12.652+05:30  INFO 29724 --- [main] o.a.c.c.C.[Tomcat].[localhost].[/]       : Initializing Spring embedded WebApplicationContext
2023-08-09T21:50:12.652+05:30  INFO 29724 --- [main] w.s.c.ServletWebServerApplicationContext : Root WebApplicationContext: initialization completed in 1895 ms
2023-08-09T21:50:12.880+05:30  INFO 29724 --- [main] o.hibernate.jpa.internal.util.LogHelper  : HHH000204: Processing PersistenceUnitInfo [name: default]
2023-08-09T21:50:12.948+05:30  INFO 29724 --- [main] org.hibernate.Version                    : HHH000412: Hibernate ORM core version 6.2.6.Final
2023-08-09T21:50:12.951+05:30  INFO 29724 --- [main] org.hibernate.cfg.Environment            : HHH000406: Using bytecode reflection optimizer
2023-08-09T21:50:13.168+05:30  INFO 29724 --- [main] o.h.b.i.BytecodeProviderInitiator        : HHH000021: Bytecode provider name : bytebuddy
2023-08-09T21:50:13.351+05:30  INFO 29724 --- [main] o.s.o.j.p.SpringPersistenceUnitInfo      : No LoadTimeWeaver setup: ignoring JPA class transformer
2023-08-09T21:50:13.377+05:30  INFO 29724 --- [main] com.zaxxer.hikari.HikariDataSource       : HikariPool-1 - Starting...
2023-08-09T21:50:13.788+05:30  INFO 29724 --- [main] com.zaxxer.hikari.pool.HikariPool        : HikariPool-1 - Added connection com.mysql.cj.jdbc.ConnectionImpl@3120495d
2023-08-09T21:50:13.791+05:30  INFO 29724 --- [main] com.zaxxer.hikari.HikariDataSource       : HikariPool-1 - Start completed.
2023-08-09T21:50:13.857+05:30  WARN 29724 --- [main] org.hibernate.orm.deprecation            : HHH90000026: MySQL57Dialect has been deprecated; use org.hibernate.dialect.MySQLDialect instead
2023-08-09T21:50:14.173+05:30  INFO 29724 --- [main] o.h.b.i.BytecodeProviderInitiator        : HHH000021: Bytecode provider name : bytebuddy
2023-08-09T21:50:14.979+05:30  INFO 29724 --- [main] o.h.e.t.j.p.i.JtaPlatformInitiator       : HHH000490: Using JtaPlatform implementation: [org.hibernate.engine.transaction.jta.platform.internal.NoJtaPlatform]
2023-08-09T21:50:15.072+05:30  INFO 29724 --- [main] j.LocalContainerEntityManagerFactoryBean : Initialized JPA EntityManagerFactory for persistence unit 'default'
2023-08-09T21:50:15.536+05:30  WARN 29724 --- [main] JpaBaseConfiguration$JpaWebConfiguration : spring.jpa.open-in-view is enabled by default. Therefore, database queries may be performed during view rendering. Explicitly configure spring.jpa.open-in-view to disable this warning
2023-08-09T21:50:15.971+05:30  INFO 29724 --- [main] o.s.b.w.embedded.tomcat.TomcatWebServer  : Tomcat started on port(s): 8080 (http) with context path ''
2023-08-09T21:50:15.983+05:30  INFO 29724 --- [main] c.m.A.AccountServiceApplication          : Started AccountServiceApplication in 5.897 seconds (process running for 6.407)
2023-08-09T21:50:23.729+05:30  INFO 29724 --- [http-nio-8080-exec-2] o.a.c.c.C.[Tomcat].[localhost].[/]       : Initializing Spring DispatcherServlet 'dispatcherServlet'
2023-08-09T21:50:23.729+05:30  INFO 29724 --- [http-nio-8080-exec-2] o.s.web.servlet.DispatcherServlet        : Initializing Servlet 'dispatcherServlet'
2023-08-09T21:50:23.731+05:30  INFO 29724 --- [http-nio-8080-exec-2] o.s.web.servlet.DispatcherServlet        : Completed initialization in 1 ms
2023-08-09T21:50:23.877+05:30 DEBUG 29724 --- [http-nio-8080-exec-2] c.m.A.c.SavingsAccountController         : createAccount SavingsAccountDto(id=0, balance=4560.0, accountnumber=0)
2023-08-09T21:51:46.483+05:30  INFO 29724 --- [SpringApplicationShutdownHook] j.LocalContainerEntityManagerFactoryBean : Closing JPA EntityManagerFactory for persistence unit 'default'
2023-08-09T21:51:46.485+05:30  INFO 29724 --- [SpringApplicationShutdownHook] com.zaxxer.hikari.HikariDataSource       : HikariPool-1 - Shutdown initiated...
2023-08-09T21:51:46.495+05:30  INFO 29724 --- [SpringApplicationShutdownHook] com.zaxxer.hikari.HikariDataSource       : HikariPool-1 - Shutdown completed.
2023-08-09T21:51:50.228+05:30  INFO 1856 --- [main] c.m.A.AccountServiceApplication          : Starting AccountServiceApplication using Java 19.0.2 with PID 1856 (C:\Users\shreyask\Downloads\MetroBankProject\AccountMicroService\AccountService\target\classes started by shreyask in C:\Users\shreyask\Downloads\MetroBankProject\AccountMicroService\AccountService)
2023-08-09T21:51:50.230+05:30 DEBUG 1856 --- [main] c.m.A.AccountServiceApplication          : Running with Spring Boot v3.1.2, Spring v6.0.11
2023-08-09T21:51:50.231+05:30  INFO 1856 --- [main] c.m.A.AccountServiceApplication          : No active profile set, falling back to 1 default profile: "default"
2023-08-09T21:51:51.090+05:30  INFO 1856 --- [main] .s.d.r.c.RepositoryConfigurationDelegate : Bootstrapping Spring Data JPA repositories in DEFAULT mode.
2023-08-09T21:51:51.177+05:30  INFO 1856 --- [main] .s.d.r.c.RepositoryConfigurationDelegate : Finished Spring Data repository scanning in 77 ms. Found 2 JPA repository interfaces.
2023-08-09T21:51:51.956+05:30  INFO 1856 --- [main] o.s.b.w.embedded.tomcat.TomcatWebServer  : Tomcat initialized with port(s): 8080 (http)
2023-08-09T21:51:51.968+05:30  INFO 1856 --- [main] o.apache.catalina.core.StandardService   : Starting service [Tomcat]
2023-08-09T21:51:51.969+05:30  INFO 1856 --- [main] o.apache.catalina.core.StandardEngine    : Starting Servlet engine: [Apache Tomcat/10.1.11]
2023-08-09T21:51:52.102+05:30  INFO 1856 --- [main] o.a.c.c.C.[Tomcat].[localhost].[/]       : Initializing Spring embedded WebApplicationContext
2023-08-09T21:51:52.103+05:30  INFO 1856 --- [main] w.s.c.ServletWebServerApplicationContext : Root WebApplicationContext: initialization completed in 1800 ms
2023-08-09T21:51:52.320+05:30  INFO 1856 --- [main] o.hibernate.jpa.internal.util.LogHelper  : HHH000204: Processing PersistenceUnitInfo [name: default]
2023-08-09T21:51:52.387+05:30  INFO 1856 --- [main] org.hibernate.Version                    : HHH000412: Hibernate ORM core version 6.2.6.Final
2023-08-09T21:51:52.389+05:30  INFO 1856 --- [main] org.hibernate.cfg.Environment            : HHH000406: Using bytecode reflection optimizer
2023-08-09T21:51:52.581+05:30  INFO 1856 --- [main] o.h.b.i.BytecodeProviderInitiator        : HHH000021: Bytecode provider name : bytebuddy
2023-08-09T21:51:52.772+05:30  INFO 1856 --- [main] o.s.o.j.p.SpringPersistenceUnitInfo      : No LoadTimeWeaver setup: ignoring JPA class transformer
2023-08-09T21:51:52.795+05:30  INFO 1856 --- [main] com.zaxxer.hikari.HikariDataSource       : HikariPool-1 - Starting...
2023-08-09T21:51:53.208+05:30  INFO 1856 --- [main] com.zaxxer.hikari.pool.HikariPool        : HikariPool-1 - Added connection com.mysql.cj.jdbc.ConnectionImpl@3120495d
2023-08-09T21:51:53.211+05:30  INFO 1856 --- [main] com.zaxxer.hikari.HikariDataSource       : HikariPool-1 - Start completed.
2023-08-09T21:51:53.276+05:30  WARN 1856 --- [main] org.hibernate.orm.deprecation            : HHH90000026: MySQL57Dialect has been deprecated; use org.hibernate.dialect.MySQLDialect instead
2023-08-09T21:51:53.627+05:30  INFO 1856 --- [main] o.h.b.i.BytecodeProviderInitiator        : HHH000021: Bytecode provider name : bytebuddy
2023-08-09T21:51:54.413+05:30  INFO 1856 --- [main] o.h.e.t.j.p.i.JtaPlatformInitiator       : HHH000490: Using JtaPlatform implementation: [org.hibernate.engine.transaction.jta.platform.internal.NoJtaPlatform]
2023-08-09T21:51:54.504+05:30  INFO 1856 --- [main] j.LocalContainerEntityManagerFactoryBean : Initialized JPA EntityManagerFactory for persistence unit 'default'
2023-08-09T21:51:54.907+05:30  WARN 1856 --- [main] JpaBaseConfiguration$JpaWebConfiguration : spring.jpa.open-in-view is enabled by default. Therefore, database queries may be performed during view rendering. Explicitly configure spring.jpa.open-in-view to disable this warning
2023-08-09T21:51:55.319+05:30  INFO 1856 --- [main] o.s.b.w.embedded.tomcat.TomcatWebServer  : Tomcat started on port(s): 8080 (http) with context path ''
2023-08-09T21:51:55.329+05:30  INFO 1856 --- [main] c.m.A.AccountServiceApplication          : Started AccountServiceApplication in 5.698 seconds (process running for 6.212)
2023-08-09T21:56:04.211+05:30  INFO 1856 --- [SpringApplicationShutdownHook] j.LocalContainerEntityManagerFactoryBean : Closing JPA EntityManagerFactory for persistence unit 'default'
2023-08-09T21:56:04.214+05:30  INFO 1856 --- [SpringApplicationShutdownHook] com.zaxxer.hikari.HikariDataSource       : HikariPool-1 - Shutdown initiated...
2023-08-09T21:56:04.224+05:30  INFO 1856 --- [SpringApplicationShutdownHook] com.zaxxer.hikari.HikariDataSource       : HikariPool-1 - Shutdown completed.
2023-08-09T21:56:08.210+05:30  INFO 26172 --- [main] c.m.A.AccountServiceApplication          : Starting AccountServiceApplication using Java 19.0.2 with PID 26172 (C:\Users\shreyask\Downloads\MetroBankProject\AccountMicroService\AccountService\target\classes started by shreyask in C:\Users\shreyask\Downloads\MetroBankProject\AccountMicroService\AccountService)
2023-08-09T21:56:08.212+05:30 DEBUG 26172 --- [main] c.m.A.AccountServiceApplication          : Running with Spring Boot v3.1.2, Spring v6.0.11
2023-08-09T21:56:08.213+05:30  INFO 26172 --- [main] c.m.A.AccountServiceApplication          : No active profile set, falling back to 1 default profile: "default"
2023-08-09T21:56:09.098+05:30  INFO 26172 --- [main] .s.d.r.c.RepositoryConfigurationDelegate : Bootstrapping Spring Data JPA repositories in DEFAULT mode.
2023-08-09T21:56:09.211+05:30  INFO 26172 --- [main] .s.d.r.c.RepositoryConfigurationDelegate : Finished Spring Data repository scanning in 98 ms. Found 2 JPA repository interfaces.
2023-08-09T21:56:10.018+05:30  INFO 26172 --- [main] o.s.b.w.embedded.tomcat.TomcatWebServer  : Tomcat initialized with port(s): 8080 (http)
2023-08-09T21:56:10.030+05:30  INFO 26172 --- [main] o.apache.catalina.core.StandardService   : Starting service [Tomcat]
2023-08-09T21:56:10.030+05:30  INFO 26172 --- [main] o.apache.catalina.core.StandardEngine    : Starting Servlet engine: [Apache Tomcat/10.1.11]
2023-08-09T21:56:10.161+05:30  INFO 26172 --- [main] o.a.c.c.C.[Tomcat].[localhost].[/]       : Initializing Spring embedded WebApplicationContext
2023-08-09T21:56:10.161+05:30  INFO 26172 --- [main] w.s.c.ServletWebServerApplicationContext : Root WebApplicationContext: initialization completed in 1880 ms
2023-08-09T21:56:10.384+05:30  INFO 26172 --- [main] o.hibernate.jpa.internal.util.LogHelper  : HHH000204: Processing PersistenceUnitInfo [name: default]
2023-08-09T21:56:10.459+05:30  INFO 26172 --- [main] org.hibernate.Version                    : HHH000412: Hibernate ORM core version 6.2.6.Final
2023-08-09T21:56:10.462+05:30  INFO 26172 --- [main] org.hibernate.cfg.Environment            : HHH000406: Using bytecode reflection optimizer
2023-08-09T21:56:10.683+05:30  INFO 26172 --- [main] o.h.b.i.BytecodeProviderInitiator        : HHH000021: Bytecode provider name : bytebuddy
2023-08-09T21:56:10.846+05:30  INFO 26172 --- [main] o.s.o.j.p.SpringPersistenceUnitInfo      : No LoadTimeWeaver setup: ignoring JPA class transformer
2023-08-09T21:56:10.868+05:30  INFO 26172 --- [main] com.zaxxer.hikari.HikariDataSource       : HikariPool-1 - Starting...
2023-08-09T21:56:11.309+05:30  INFO 26172 --- [main] com.zaxxer.hikari.pool.HikariPool        : HikariPool-1 - Added connection com.mysql.cj.jdbc.ConnectionImpl@3120495d
2023-08-09T21:56:11.314+05:30  INFO 26172 --- [main] com.zaxxer.hikari.HikariDataSource       : HikariPool-1 - Start completed.
2023-08-09T21:56:11.381+05:30  WARN 26172 --- [main] org.hibernate.orm.deprecation            : HHH90000026: MySQL57Dialect has been deprecated; use org.hibernate.dialect.MySQLDialect instead
2023-08-09T21:56:11.686+05:30  INFO 26172 --- [main] o.h.b.i.BytecodeProviderInitiator        : HHH000021: Bytecode provider name : bytebuddy
2023-08-09T21:56:12.463+05:30  INFO 26172 --- [main] o.h.e.t.j.p.i.JtaPlatformInitiator       : HHH000490: Using JtaPlatform implementation: [org.hibernate.engine.transaction.jta.platform.internal.NoJtaPlatform]
2023-08-09T21:56:12.554+05:30  INFO 26172 --- [main] j.LocalContainerEntityManagerFactoryBean : Initialized JPA EntityManagerFactory for persistence unit 'default'
2023-08-09T21:56:13.008+05:30  WARN 26172 --- [main] JpaBaseConfiguration$JpaWebConfiguration : spring.jpa.open-in-view is enabled by default. Therefore, database queries may be performed during view rendering. Explicitly configure spring.jpa.open-in-view to disable this warning
2023-08-09T21:56:13.405+05:30  INFO 26172 --- [main] o.s.b.w.embedded.tomcat.TomcatWebServer  : Tomcat started on port(s): 8080 (http) with context path ''
2023-08-09T21:56:13.414+05:30  INFO 26172 --- [main] c.m.A.AccountServiceApplication          : Started AccountServiceApplication in 5.798 seconds (process running for 6.31)
2023-08-09T21:56:36.133+05:30  INFO 26172 --- [http-nio-8080-exec-2] o.a.c.c.C.[Tomcat].[localhost].[/]       : Initializing Spring DispatcherServlet 'dispatcherServlet'
2023-08-09T21:56:36.134+05:30  INFO 26172 --- [http-nio-8080-exec-2] o.s.web.servlet.DispatcherServlet        : Initializing Servlet 'dispatcherServlet'
2023-08-09T21:56:36.135+05:30  INFO 26172 --- [http-nio-8080-exec-2] o.s.web.servlet.DispatcherServlet        : Completed initialization in 1 ms
2023-08-09T21:56:36.258+05:30 DEBUG 26172 --- [http-nio-8080-exec-2] c.m.A.c.SavingsAccountController         : createAccount SavingsAccountDto(id=0, balance=4560.0, accountnumber=0)
2023-08-09T21:57:21.644+05:30  INFO 26172 --- [SpringApplicationShutdownHook] j.LocalContainerEntityManagerFactoryBean : Closing JPA EntityManagerFactory for persistence unit 'default'
2023-08-09T21:57:21.646+05:30  INFO 26172 --- [SpringApplicationShutdownHook] com.zaxxer.hikari.HikariDataSource       : HikariPool-1 - Shutdown initiated...
2023-08-09T21:57:21.656+05:30  INFO 26172 --- [SpringApplicationShutdownHook] com.zaxxer.hikari.HikariDataSource       : HikariPool-1 - Shutdown completed.
